The system is: Linux - 5.0.0-20-generic - x86_64
Compiling the C compiler identification source file "CMakeCCompilerId.c" succeeded.
Compiler: /usr/bin/cc 
Build flags: 
Id flags:  

The output was:
0


Compilation of the C compiler identification source "CMakeCCompilerId.c" produced "a.out"

The C compiler identification is GNU, found in "/root/derogold-dev/rev-rebase-test/src/rocksdb/CMakeFiles/3.13.3/CompilerIdC/a.out"

Compiling the CXX compiler identification source file "CMakeCXXCompilerId.cpp" succeeded.
Compiler: /usr/bin/c++ 
Build flags: 
Id flags:  

The output was:
0


Compilation of the CXX compiler identification source "CMakeCXXCompilerId.cpp" produced "a.out"

The CXX compiler identification is GNU, found in "/root/derogold-dev/rev-rebase-test/src/rocksdb/CMakeFiles/3.13.3/CompilerIdCXX/a.out"

Determining if the C compiler works passed with the following output:
Change Dir: /root/derogold-dev/rev-rebase-test/src/rocksdb/CMakeFiles/CMakeTmp

Run Build Command:"/usr/bin/make" "cmTC_b0129/fast"
/usr/bin/make -f CMakeFiles/cmTC_b0129.dir/build.make CMakeFiles/cmTC_b0129.dir/build
make[1]: Entering directory '/root/derogold-dev/rev-rebase-test/src/rocksdb/CMakeFiles/CMakeTmp'
Building C object CMakeFiles/cmTC_b0129.dir/testCCompiler.c.o
/usr/bin/cc    -o CMakeFiles/cmTC_b0129.dir/testCCompiler.c.o   -c /root/derogold-dev/rev-rebase-test/src/rocksdb/CMakeFiles/CMakeTmp/testCCompiler.c
Linking C executable cmTC_b0129
/usr/local/lib/python2.7/dist-packages/cmake/data/bin/cmake -E cmake_link_script CMakeFiles/cmTC_b0129.dir/link.txt --verbose=1
/usr/bin/cc      -rdynamic CMakeFiles/cmTC_b0129.dir/testCCompiler.c.o  -o cmTC_b0129 
make[1]: Leaving directory '/root/derogold-dev/rev-rebase-test/src/rocksdb/CMakeFiles/CMakeTmp'


Detecting C compiler ABI info compiled with the following output:
Change Dir: /root/derogold-dev/rev-rebase-test/src/rocksdb/CMakeFiles/CMakeTmp

Run Build Command:"/usr/bin/make" "cmTC_29289/fast"
/usr/bin/make -f CMakeFiles/cmTC_29289.dir/build.make CMakeFiles/cmTC_29289.dir/build
make[1]: Entering directory '/root/derogold-dev/rev-rebase-test/src/rocksdb/CMakeFiles/CMakeTmp'
Building C object CMakeFiles/cmTC_29289.dir/CMakeCCompilerABI.c.o
/usr/bin/cc    -o CMakeFiles/cmTC_29289.dir/CMakeCCompilerABI.c.o   -c /usr/local/lib/python2.7/dist-packages/cmake/data/share/cmake-3.13/Modules/CMakeCCompilerABI.c
Linking C executable cmTC_29289
/usr/local/lib/python2.7/dist-packages/cmake/data/bin/cmake -E cmake_link_script CMakeFiles/cmTC_29289.dir/link.txt --verbose=1
/usr/bin/cc     -v -rdynamic CMakeFiles/cmTC_29289.dir/CMakeCCompilerABI.c.o  -o cmTC_29289 
Using built-in specs.
COLLECT_GCC=/usr/bin/cc
COLLECT_LTO_WRAPPER=/usr/lib/gcc/x86_64-linux-gnu/8/lto-wrapper
OFFLOAD_TARGET_NAMES=nvptx-none
OFFLOAD_TARGET_DEFAULT=1
Target: x86_64-linux-gnu
Configured with: ../src/configure -v --with-pkgversion='Ubuntu 8.3.0-6ubuntu1' --with-bugurl=file:///usr/share/doc/gcc-8/README.Bugs --enable-languages=c,ada,c++,go,brig,d,fortran,objc,obj-c++ --prefix=/usr --with-gcc-major-version-only --program-suffix=-8 --program-prefix=x86_64-linux-gnu- --enable-shared --enable-linker-build-id --libexecdir=/usr/lib --without-included-gettext --enable-threads=posix --libdir=/usr/lib --enable-nls --enable-bootstrap --enable-clocale=gnu --enable-libstdcxx-debug --enable-libstdcxx-time=yes --with-default-libstdcxx-abi=new --enable-gnu-unique-object --disable-vtable-verify --enable-libmpx --enable-plugin --enable-default-pie --with-system-zlib --with-target-system-zlib --enable-objc-gc=auto --enable-multiarch --disable-werror --with-arch-32=i686 --with-abi=m64 --with-multilib-list=m32,m64,mx32 --enable-multilib --with-tune=generic --enable-offload-targets=nvptx-none --without-cuda-driver --enable-checking=release --build=x86_64-linux-gnu --host=x86_64-linux-gnu --target=x86_64-linux-gnu
Thread model: posix
gcc version 8.3.0 (Ubuntu 8.3.0-6ubuntu1) 
COMPILER_PATH=/usr/lib/gcc/x86_64-linux-gnu/8/:/usr/lib/gcc/x86_64-linux-gnu/8/:/usr/lib/gcc/x86_64-linux-gnu/:/usr/lib/gcc/x86_64-linux-gnu/8/:/usr/lib/gcc/x86_64-linux-gnu/
LIBRARY_PATH=/usr/lib/gcc/x86_64-linux-gnu/8/:/usr/lib/gcc/x86_64-linux-gnu/8/../../../x86_64-linux-gnu/:/usr/lib/gcc/x86_64-linux-gnu/8/../../../../lib/:/lib/x86_64-linux-gnu/:/lib/../lib/:/usr/lib/x86_64-linux-gnu/:/usr/lib/../lib/:/usr/lib/gcc/x86_64-linux-gnu/8/../../../:/lib/:/usr/lib/
COLLECT_GCC_OPTIONS='-v' '-rdynamic' '-o' 'cmTC_29289' '-mtune=generic' '-march=x86-64'
 /usr/lib/gcc/x86_64-linux-gnu/8/collect2 -plugin /usr/lib/gcc/x86_64-linux-gnu/8/liblto_plugin.so -plugin-opt=/usr/lib/gcc/x86_64-linux-gnu/8/lto-wrapper -plugin-opt=-fresolution=/tmp/ccQjx2wB.res -plugin-opt=-pass-through=-lgcc -plugin-opt=-pass-through=-lgcc_s -plugin-opt=-pass-through=-lc -plugin-opt=-pass-through=-lgcc -plugin-opt=-pass-through=-lgcc_s --build-id --eh-frame-hdr -m elf_x86_64 --hash-style=gnu --as-needed -export-dynamic -dynamic-linker /lib64/ld-linux-x86-64.so.2 -pie -z now -z relro -o cmTC_29289 /usr/lib/gcc/x86_64-linux-gnu/8/../../../x86_64-linux-gnu/Scrt1.o /usr/lib/gcc/x86_64-linux-gnu/8/../../../x86_64-linux-gnu/crti.o /usr/lib/gcc/x86_64-linux-gnu/8/crtbeginS.o -L/usr/lib/gcc/x86_64-linux-gnu/8 -L/usr/lib/gcc/x86_64-linux-gnu/8/../../../x86_64-linux-gnu -L/usr/lib/gcc/x86_64-linux-gnu/8/../../../../lib -L/lib/x86_64-linux-gnu -L/lib/../lib -L/usr/lib/x86_64-linux-gnu -L/usr/lib/../lib -L/usr/lib/gcc/x86_64-linux-gnu/8/../../.. CMakeFiles/cmTC_29289.dir/CMakeCCompilerABI.c.o -lgcc --push-state --as-needed -lgcc_s --pop-state -lc -lgcc --push-state --as-needed -lgcc_s --pop-state /usr/lib/gcc/x86_64-linux-gnu/8/crtendS.o /usr/lib/gcc/x86_64-linux-gnu/8/../../../x86_64-linux-gnu/crtn.o
COLLECT_GCC_OPTIONS='-v' '-rdynamic' '-o' 'cmTC_29289' '-mtune=generic' '-march=x86-64'
make[1]: Leaving directory '/root/derogold-dev/rev-rebase-test/src/rocksdb/CMakeFiles/CMakeTmp'


Parsed C implicit link information from above output:
  link line regex: [^( *|.*[/\])(ld|CMAKE_LINK_STARTFILE-NOTFOUND|([^/\]+-)?ld|collect2)[^/\]*( |$)]
  ignore line: [Change Dir: /root/derogold-dev/rev-rebase-test/src/rocksdb/CMakeFiles/CMakeTmp]
  ignore line: []
  ignore line: [Run Build Command:"/usr/bin/make" "cmTC_29289/fast"]
  ignore line: [/usr/bin/make -f CMakeFiles/cmTC_29289.dir/build.make CMakeFiles/cmTC_29289.dir/build]
  ignore line: [make[1]: Entering directory '/root/derogold-dev/rev-rebase-test/src/rocksdb/CMakeFiles/CMakeTmp']
  ignore line: [Building C object CMakeFiles/cmTC_29289.dir/CMakeCCompilerABI.c.o]
  ignore line: [/usr/bin/cc    -o CMakeFiles/cmTC_29289.dir/CMakeCCompilerABI.c.o   -c /usr/local/lib/python2.7/dist-packages/cmake/data/share/cmake-3.13/Modules/CMakeCCompilerABI.c]
  ignore line: [Linking C executable cmTC_29289]
  ignore line: [/usr/local/lib/python2.7/dist-packages/cmake/data/bin/cmake -E cmake_link_script CMakeFiles/cmTC_29289.dir/link.txt --verbose=1]
  ignore line: [/usr/bin/cc     -v -rdynamic CMakeFiles/cmTC_29289.dir/CMakeCCompilerABI.c.o  -o cmTC_29289 ]
  ignore line: [Using built-in specs.]
  ignore line: [COLLECT_GCC=/usr/bin/cc]
  ignore line: [COLLECT_LTO_WRAPPER=/usr/lib/gcc/x86_64-linux-gnu/8/lto-wrapper]
  ignore line: [OFFLOAD_TARGET_NAMES=nvptx-none]
  ignore line: [OFFLOAD_TARGET_DEFAULT=1]
  ignore line: [Target: x86_64-linux-gnu]
  ignore line: [Configured with: ../src/configure -v --with-pkgversion='Ubuntu 8.3.0-6ubuntu1' --with-bugurl=file:///usr/share/doc/gcc-8/README.Bugs --enable-languages=c,ada,c++,go,brig,d,fortran,objc,obj-c++ --prefix=/usr --with-gcc-major-version-only --program-suffix=-8 --program-prefix=x86_64-linux-gnu- --enable-shared --enable-linker-build-id --libexecdir=/usr/lib --without-included-gettext --enable-threads=posix --libdir=/usr/lib --enable-nls --enable-bootstrap --enable-clocale=gnu --enable-libstdcxx-debug --enable-libstdcxx-time=yes --with-default-libstdcxx-abi=new --enable-gnu-unique-object --disable-vtable-verify --enable-libmpx --enable-plugin --enable-default-pie --with-system-zlib --with-target-system-zlib --enable-objc-gc=auto --enable-multiarch --disable-werror --with-arch-32=i686 --with-abi=m64 --with-multilib-list=m32,m64,mx32 --enable-multilib --with-tune=generic --enable-offload-targets=nvptx-none --without-cuda-driver --enable-checking=release --build=x86_64-linux-gnu --host=x86_64-linux-gnu --target=x86_64-linux-gnu]
  ignore line: [Thread model: posix]
  ignore line: [gcc version 8.3.0 (Ubuntu 8.3.0-6ubuntu1) ]
  ignore line: [COMPILER_PATH=/usr/lib/gcc/x86_64-linux-gnu/8/:/usr/lib/gcc/x86_64-linux-gnu/8/:/usr/lib/gcc/x86_64-linux-gnu/:/usr/lib/gcc/x86_64-linux-gnu/8/:/usr/lib/gcc/x86_64-linux-gnu/]
  ignore line: [LIBRARY_PATH=/usr/lib/gcc/x86_64-linux-gnu/8/:/usr/lib/gcc/x86_64-linux-gnu/8/../../../x86_64-linux-gnu/:/usr/lib/gcc/x86_64-linux-gnu/8/../../../../lib/:/lib/x86_64-linux-gnu/:/lib/../lib/:/usr/lib/x86_64-linux-gnu/:/usr/lib/../lib/:/usr/lib/gcc/x86_64-linux-gnu/8/../../../:/lib/:/usr/lib/]
  ignore line: [COLLECT_GCC_OPTIONS='-v' '-rdynamic' '-o' 'cmTC_29289' '-mtune=generic' '-march=x86-64']
  link line: [ /usr/lib/gcc/x86_64-linux-gnu/8/collect2 -plugin /usr/lib/gcc/x86_64-linux-gnu/8/liblto_plugin.so -plugin-opt=/usr/lib/gcc/x86_64-linux-gnu/8/lto-wrapper -plugin-opt=-fresolution=/tmp/ccQjx2wB.res -plugin-opt=-pass-through=-lgcc -plugin-opt=-pass-through=-lgcc_s -plugin-opt=-pass-through=-lc -plugin-opt=-pass-through=-lgcc -plugin-opt=-pass-through=-lgcc_s --build-id --eh-frame-hdr -m elf_x86_64 --hash-style=gnu --as-needed -export-dynamic -dynamic-linker /lib64/ld-linux-x86-64.so.2 -pie -z now -z relro -o cmTC_29289 /usr/lib/gcc/x86_64-linux-gnu/8/../../../x86_64-linux-gnu/Scrt1.o /usr/lib/gcc/x86_64-linux-gnu/8/../../../x86_64-linux-gnu/crti.o /usr/lib/gcc/x86_64-linux-gnu/8/crtbeginS.o -L/usr/lib/gcc/x86_64-linux-gnu/8 -L/usr/lib/gcc/x86_64-linux-gnu/8/../../../x86_64-linux-gnu -L/usr/lib/gcc/x86_64-linux-gnu/8/../../../../lib -L/lib/x86_64-linux-gnu -L/lib/../lib -L/usr/lib/x86_64-linux-gnu -L/usr/lib/../lib -L/usr/lib/gcc/x86_64-linux-gnu/8/../../.. CMakeFiles/cmTC_29289.dir/CMakeCCompilerABI.c.o -lgcc --push-state --as-needed -lgcc_s --pop-state -lc -lgcc --push-state --as-needed -lgcc_s --pop-state /usr/lib/gcc/x86_64-linux-gnu/8/crtendS.o /usr/lib/gcc/x86_64-linux-gnu/8/../../../x86_64-linux-gnu/crtn.o]
    arg [/usr/lib/gcc/x86_64-linux-gnu/8/collect2] ==> ignore
    arg [-plugin] ==> ignore
    arg [/usr/lib/gcc/x86_64-linux-gnu/8/liblto_plugin.so] ==> ignore
    arg [-plugin-opt=/usr/lib/gcc/x86_64-linux-gnu/8/lto-wrapper] ==> ignore
    arg [-plugin-opt=-fresolution=/tmp/ccQjx2wB.res] ==> ignore
    arg [-plugin-opt=-pass-through=-lgcc] ==> ignore
    arg [-plugin-opt=-pass-through=-lgcc_s] ==> ignore
    arg [-plugin-opt=-pass-through=-lc] ==> ignore
    arg [-plugin-opt=-pass-through=-lgcc] ==> ignore
    arg [-plugin-opt=-pass-through=-lgcc_s] ==> ignore
    arg [--build-id] ==> ignore
    arg [--eh-frame-hdr] ==> ignore
    arg [-m] ==> ignore
    arg [elf_x86_64] ==> ignore
    arg [--hash-style=gnu] ==> ignore
    arg [--as-needed] ==> ignore
    arg [-export-dynamic] ==> ignore
    arg [-dynamic-linker] ==> ignore
    arg [/lib64/ld-linux-x86-64.so.2] ==> ignore
    arg [-pie] ==> ignore
    arg [-znow] ==> ignore
    arg [-zrelro] ==> ignore
    arg [-o] ==> ignore
    arg [cmTC_29289] ==> ignore
    arg [/usr/lib/gcc/x86_64-linux-gnu/8/../../../x86_64-linux-gnu/Scrt1.o] ==> ignore
    arg [/usr/lib/gcc/x86_64-linux-gnu/8/../../../x86_64-linux-gnu/crti.o] ==> ignore
    arg [/usr/lib/gcc/x86_64-linux-gnu/8/crtbeginS.o] ==> ignore
    arg [-L/usr/lib/gcc/x86_64-linux-gnu/8] ==> dir [/usr/lib/gcc/x86_64-linux-gnu/8]
    arg [-L/usr/lib/gcc/x86_64-linux-gnu/8/../../../x86_64-linux-gnu] ==> dir [/usr/lib/gcc/x86_64-linux-gnu/8/../../../x86_64-linux-gnu]
    arg [-L/usr/lib/gcc/x86_64-linux-gnu/8/../../../../lib] ==> dir [/usr/lib/gcc/x86_64-linux-gnu/8/../../../../lib]
    arg [-L/lib/x86_64-linux-gnu] ==> dir [/lib/x86_64-linux-gnu]
    arg [-L/lib/../lib] ==> dir [/lib/../lib]
    arg [-L/usr/lib/x86_64-linux-gnu] ==> dir [/usr/lib/x86_64-linux-gnu]
    arg [-L/usr/lib/../lib] ==> dir [/usr/lib/../lib]
    arg [-L/usr/lib/gcc/x86_64-linux-gnu/8/../../..] ==> dir [/usr/lib/gcc/x86_64-linux-gnu/8/../../..]
    arg [CMakeFiles/cmTC_29289.dir/CMakeCCompilerABI.c.o] ==> ignore
    arg [-lgcc] ==> lib [gcc]
    arg [--push-state] ==> ignore
    arg [--as-needed] ==> ignore
    arg [-lgcc_s] ==> lib [gcc_s]
    arg [--pop-state] ==> ignore
    arg [-lc] ==> lib [c]
    arg [-lgcc] ==> lib [gcc]
    arg [--push-state] ==> ignore
    arg [--as-needed] ==> ignore
    arg [-lgcc_s] ==> lib [gcc_s]
    arg [--pop-state] ==> ignore
    arg [/usr/lib/gcc/x86_64-linux-gnu/8/crtendS.o] ==> ignore
    arg [/usr/lib/gcc/x86_64-linux-gnu/8/../../../x86_64-linux-gnu/crtn.o] ==> ignore
  collapse library dir [/usr/lib/gcc/x86_64-linux-gnu/8] ==> [/usr/lib/gcc/x86_64-linux-gnu/8]
  collapse library dir [/usr/lib/gcc/x86_64-linux-gnu/8/../../../x86_64-linux-gnu] ==> [/usr/lib/x86_64-linux-gnu]
  collapse library dir [/usr/lib/gcc/x86_64-linux-gnu/8/../../../../lib] ==> [/usr/lib]
  collapse library dir [/lib/x86_64-linux-gnu] ==> [/lib/x86_64-linux-gnu]
  collapse library dir [/lib/../lib] ==> [/lib]
  collapse library dir [/usr/lib/x86_64-linux-gnu] ==> [/usr/lib/x86_64-linux-gnu]
  collapse library dir [/usr/lib/../lib] ==> [/usr/lib]
  collapse library dir [/usr/lib/gcc/x86_64-linux-gnu/8/../../..] ==> [/usr/lib]
  implicit libs: [gcc;gcc_s;c;gcc;gcc_s]
  implicit dirs: [/usr/lib/gcc/x86_64-linux-gnu/8;/usr/lib/x86_64-linux-gnu;/usr/lib;/lib/x86_64-linux-gnu;/lib]
  implicit fwks: []




Detecting C [-std=c11] compiler features compiled with the following output:
Change Dir: /root/derogold-dev/rev-rebase-test/src/rocksdb/CMakeFiles/CMakeTmp

Run Build Command:"/usr/bin/make" "cmTC_40fb5/fast"
/usr/bin/make -f CMakeFiles/cmTC_40fb5.dir/build.make CMakeFiles/cmTC_40fb5.dir/build
make[1]: Entering directory '/root/derogold-dev/rev-rebase-test/src/rocksdb/CMakeFiles/CMakeTmp'
Building C object CMakeFiles/cmTC_40fb5.dir/feature_tests.c.o
/usr/bin/cc   -std=c11 -o CMakeFiles/cmTC_40fb5.dir/feature_tests.c.o   -c /root/derogold-dev/rev-rebase-test/src/rocksdb/CMakeFiles/feature_tests.c
Linking C executable cmTC_40fb5
/usr/local/lib/python2.7/dist-packages/cmake/data/bin/cmake -E cmake_link_script CMakeFiles/cmTC_40fb5.dir/link.txt --verbose=1
/usr/bin/cc      -rdynamic CMakeFiles/cmTC_40fb5.dir/feature_tests.c.o  -o cmTC_40fb5 
make[1]: Leaving directory '/root/derogold-dev/rev-rebase-test/src/rocksdb/CMakeFiles/CMakeTmp'


    Feature record: C_FEATURE:1c_function_prototypes
    Feature record: C_FEATURE:1c_restrict
    Feature record: C_FEATURE:1c_static_assert
    Feature record: C_FEATURE:1c_variadic_macros


Detecting C [-std=c99] compiler features compiled with the following output:
Change Dir: /root/derogold-dev/rev-rebase-test/src/rocksdb/CMakeFiles/CMakeTmp

Run Build Command:"/usr/bin/make" "cmTC_20e4f/fast"
/usr/bin/make -f CMakeFiles/cmTC_20e4f.dir/build.make CMakeFiles/cmTC_20e4f.dir/build
make[1]: Entering directory '/root/derogold-dev/rev-rebase-test/src/rocksdb/CMakeFiles/CMakeTmp'
Building C object CMakeFiles/cmTC_20e4f.dir/feature_tests.c.o
/usr/bin/cc   -std=c99 -o CMakeFiles/cmTC_20e4f.dir/feature_tests.c.o   -c /root/derogold-dev/rev-rebase-test/src/rocksdb/CMakeFiles/feature_tests.c
Linking C executable cmTC_20e4f
/usr/local/lib/python2.7/dist-packages/cmake/data/bin/cmake -E cmake_link_script CMakeFiles/cmTC_20e4f.dir/link.txt --verbose=1
/usr/bin/cc      -rdynamic CMakeFiles/cmTC_20e4f.dir/feature_tests.c.o  -o cmTC_20e4f 
make[1]: Leaving directory '/root/derogold-dev/rev-rebase-test/src/rocksdb/CMakeFiles/CMakeTmp'


    Feature record: C_FEATURE:1c_function_prototypes
    Feature record: C_FEATURE:1c_restrict
    Feature record: C_FEATURE:0c_static_assert
    Feature record: C_FEATURE:1c_variadic_macros


Detecting C [-std=c90] compiler features compiled with the following output:
Change Dir: /root/derogold-dev/rev-rebase-test/src/rocksdb/CMakeFiles/CMakeTmp

Run Build Command:"/usr/bin/make" "cmTC_07310/fast"
/usr/bin/make -f CMakeFiles/cmTC_07310.dir/build.make CMakeFiles/cmTC_07310.dir/build
make[1]: Entering directory '/root/derogold-dev/rev-rebase-test/src/rocksdb/CMakeFiles/CMakeTmp'
Building C object CMakeFiles/cmTC_07310.dir/feature_tests.c.o
/usr/bin/cc   -std=c90 -o CMakeFiles/cmTC_07310.dir/feature_tests.c.o   -c /root/derogold-dev/rev-rebase-test/src/rocksdb/CMakeFiles/feature_tests.c
Linking C executable cmTC_07310
/usr/local/lib/python2.7/dist-packages/cmake/data/bin/cmake -E cmake_link_script CMakeFiles/cmTC_07310.dir/link.txt --verbose=1
/usr/bin/cc      -rdynamic CMakeFiles/cmTC_07310.dir/feature_tests.c.o  -o cmTC_07310 
make[1]: Leaving directory '/root/derogold-dev/rev-rebase-test/src/rocksdb/CMakeFiles/CMakeTmp'


    Feature record: C_FEATURE:1c_function_prototypes
    Feature record: C_FEATURE:0c_restrict
    Feature record: C_FEATURE:0c_static_assert
    Feature record: C_FEATURE:0c_variadic_macros
Determining if the CXX compiler works passed with the following output:
Change Dir: /root/derogold-dev/rev-rebase-test/src/rocksdb/CMakeFiles/CMakeTmp

Run Build Command:"/usr/bin/make" "cmTC_0ae67/fast"
/usr/bin/make -f CMakeFiles/cmTC_0ae67.dir/build.make CMakeFiles/cmTC_0ae67.dir/build
make[1]: Entering directory '/root/derogold-dev/rev-rebase-test/src/rocksdb/CMakeFiles/CMakeTmp'
Building CXX object CMakeFiles/cmTC_0ae67.dir/testCXXCompiler.cxx.o
/usr/bin/c++     -o CMakeFiles/cmTC_0ae67.dir/testCXXCompiler.cxx.o -c /root/derogold-dev/rev-rebase-test/src/rocksdb/CMakeFiles/CMakeTmp/testCXXCompiler.cxx
Linking CXX executable cmTC_0ae67
/usr/local/lib/python2.7/dist-packages/cmake/data/bin/cmake -E cmake_link_script CMakeFiles/cmTC_0ae67.dir/link.txt --verbose=1
/usr/bin/c++       -rdynamic CMakeFiles/cmTC_0ae67.dir/testCXXCompiler.cxx.o  -o cmTC_0ae67 
make[1]: Leaving directory '/root/derogold-dev/rev-rebase-test/src/rocksdb/CMakeFiles/CMakeTmp'


Detecting CXX compiler ABI info compiled with the following output:
Change Dir: /root/derogold-dev/rev-rebase-test/src/rocksdb/CMakeFiles/CMakeTmp

Run Build Command:"/usr/bin/make" "cmTC_54c16/fast"
/usr/bin/make -f CMakeFiles/cmTC_54c16.dir/build.make CMakeFiles/cmTC_54c16.dir/build
make[1]: Entering directory '/root/derogold-dev/rev-rebase-test/src/rocksdb/CMakeFiles/CMakeTmp'
Building CXX object CMakeFiles/cmTC_54c16.dir/CMakeCXXCompilerABI.cpp.o
/usr/bin/c++     -o CMakeFiles/cmTC_54c16.dir/CMakeCXXCompilerABI.cpp.o -c /usr/local/lib/python2.7/dist-packages/cmake/data/share/cmake-3.13/Modules/CMakeCXXCompilerABI.cpp
Linking CXX executable cmTC_54c16
/usr/local/lib/python2.7/dist-packages/cmake/data/bin/cmake -E cmake_link_script CMakeFiles/cmTC_54c16.dir/link.txt --verbose=1
/usr/bin/c++      -v -rdynamic CMakeFiles/cmTC_54c16.dir/CMakeCXXCompilerABI.cpp.o  -o cmTC_54c16 
Using built-in specs.
COLLECT_GCC=/usr/bin/c++
COLLECT_LTO_WRAPPER=/usr/lib/gcc/x86_64-linux-gnu/8/lto-wrapper
OFFLOAD_TARGET_NAMES=nvptx-none
OFFLOAD_TARGET_DEFAULT=1
Target: x86_64-linux-gnu
Configured with: ../src/configure -v --with-pkgversion='Ubuntu 8.3.0-6ubuntu1' --with-bugurl=file:///usr/share/doc/gcc-8/README.Bugs --enable-languages=c,ada,c++,go,brig,d,fortran,objc,obj-c++ --prefix=/usr --with-gcc-major-version-only --program-suffix=-8 --program-prefix=x86_64-linux-gnu- --enable-shared --enable-linker-build-id --libexecdir=/usr/lib --without-included-gettext --enable-threads=posix --libdir=/usr/lib --enable-nls --enable-bootstrap --enable-clocale=gnu --enable-libstdcxx-debug --enable-libstdcxx-time=yes --with-default-libstdcxx-abi=new --enable-gnu-unique-object --disable-vtable-verify --enable-libmpx --enable-plugin --enable-default-pie --with-system-zlib --with-target-system-zlib --enable-objc-gc=auto --enable-multiarch --disable-werror --with-arch-32=i686 --with-abi=m64 --with-multilib-list=m32,m64,mx32 --enable-multilib --with-tune=generic --enable-offload-targets=nvptx-none --without-cuda-driver --enable-checking=release --build=x86_64-linux-gnu --host=x86_64-linux-gnu --target=x86_64-linux-gnu
Thread model: posix
gcc version 8.3.0 (Ubuntu 8.3.0-6ubuntu1) 
COMPILER_PATH=/usr/lib/gcc/x86_64-linux-gnu/8/:/usr/lib/gcc/x86_64-linux-gnu/8/:/usr/lib/gcc/x86_64-linux-gnu/:/usr/lib/gcc/x86_64-linux-gnu/8/:/usr/lib/gcc/x86_64-linux-gnu/
LIBRARY_PATH=/usr/lib/gcc/x86_64-linux-gnu/8/:/usr/lib/gcc/x86_64-linux-gnu/8/../../../x86_64-linux-gnu/:/usr/lib/gcc/x86_64-linux-gnu/8/../../../../lib/:/lib/x86_64-linux-gnu/:/lib/../lib/:/usr/lib/x86_64-linux-gnu/:/usr/lib/../lib/:/usr/lib/gcc/x86_64-linux-gnu/8/../../../:/lib/:/usr/lib/
COLLECT_GCC_OPTIONS='-v' '-rdynamic' '-o' 'cmTC_54c16' '-shared-libgcc' '-mtune=generic' '-march=x86-64'
 /usr/lib/gcc/x86_64-linux-gnu/8/collect2 -plugin /usr/lib/gcc/x86_64-linux-gnu/8/liblto_plugin.so -plugin-opt=/usr/lib/gcc/x86_64-linux-gnu/8/lto-wrapper -plugin-opt=-fresolution=/tmp/ccFM5KkV.res -plugin-opt=-pass-through=-lgcc_s -plugin-opt=-pass-through=-lgcc -plugin-opt=-pass-through=-lc -plugin-opt=-pass-through=-lgcc_s -plugin-opt=-pass-through=-lgcc --build-id --eh-frame-hdr -m elf_x86_64 --hash-style=gnu --as-needed -export-dynamic -dynamic-linker /lib64/ld-linux-x86-64.so.2 -pie -z now -z relro -o cmTC_54c16 /usr/lib/gcc/x86_64-linux-gnu/8/../../../x86_64-linux-gnu/Scrt1.o /usr/lib/gcc/x86_64-linux-gnu/8/../../../x86_64-linux-gnu/crti.o /usr/lib/gcc/x86_64-linux-gnu/8/crtbeginS.o -L/usr/lib/gcc/x86_64-linux-gnu/8 -L/usr/lib/gcc/x86_64-linux-gnu/8/../../../x86_64-linux-gnu -L/usr/lib/gcc/x86_64-linux-gnu/8/../../../../lib -L/lib/x86_64-linux-gnu -L/lib/../lib -L/usr/lib/x86_64-linux-gnu -L/usr/lib/../lib -L/usr/lib/gcc/x86_64-linux-gnu/8/../../.. CMakeFiles/cmTC_54c16.dir/CMakeCXXCompilerABI.cpp.o -lstdc++ -lm -lgcc_s -lgcc -lc -lgcc_s -lgcc /usr/lib/gcc/x86_64-linux-gnu/8/crtendS.o /usr/lib/gcc/x86_64-linux-gnu/8/../../../x86_64-linux-gnu/crtn.o
COLLECT_GCC_OPTIONS='-v' '-rdynamic' '-o' 'cmTC_54c16' '-shared-libgcc' '-mtune=generic' '-march=x86-64'
make[1]: Leaving directory '/root/derogold-dev/rev-rebase-test/src/rocksdb/CMakeFiles/CMakeTmp'


Parsed CXX implicit link information from above output:
  link line regex: [^( *|.*[/\])(ld|CMAKE_LINK_STARTFILE-NOTFOUND|([^/\]+-)?ld|collect2)[^/\]*( |$)]
  ignore line: [Change Dir: /root/derogold-dev/rev-rebase-test/src/rocksdb/CMakeFiles/CMakeTmp]
  ignore line: []
  ignore line: [Run Build Command:"/usr/bin/make" "cmTC_54c16/fast"]
  ignore line: [/usr/bin/make -f CMakeFiles/cmTC_54c16.dir/build.make CMakeFiles/cmTC_54c16.dir/build]
  ignore line: [make[1]: Entering directory '/root/derogold-dev/rev-rebase-test/src/rocksdb/CMakeFiles/CMakeTmp']
  ignore line: [Building CXX object CMakeFiles/cmTC_54c16.dir/CMakeCXXCompilerABI.cpp.o]
  ignore line: [/usr/bin/c++     -o CMakeFiles/cmTC_54c16.dir/CMakeCXXCompilerABI.cpp.o -c /usr/local/lib/python2.7/dist-packages/cmake/data/share/cmake-3.13/Modules/CMakeCXXCompilerABI.cpp]
  ignore line: [Linking CXX executable cmTC_54c16]
  ignore line: [/usr/local/lib/python2.7/dist-packages/cmake/data/bin/cmake -E cmake_link_script CMakeFiles/cmTC_54c16.dir/link.txt --verbose=1]
  ignore line: [/usr/bin/c++      -v -rdynamic CMakeFiles/cmTC_54c16.dir/CMakeCXXCompilerABI.cpp.o  -o cmTC_54c16 ]
  ignore line: [Using built-in specs.]
  ignore line: [COLLECT_GCC=/usr/bin/c++]
  ignore line: [COLLECT_LTO_WRAPPER=/usr/lib/gcc/x86_64-linux-gnu/8/lto-wrapper]
  ignore line: [OFFLOAD_TARGET_NAMES=nvptx-none]
  ignore line: [OFFLOAD_TARGET_DEFAULT=1]
  ignore line: [Target: x86_64-linux-gnu]
  ignore line: [Configured with: ../src/configure -v --with-pkgversion='Ubuntu 8.3.0-6ubuntu1' --with-bugurl=file:///usr/share/doc/gcc-8/README.Bugs --enable-languages=c,ada,c++,go,brig,d,fortran,objc,obj-c++ --prefix=/usr --with-gcc-major-version-only --program-suffix=-8 --program-prefix=x86_64-linux-gnu- --enable-shared --enable-linker-build-id --libexecdir=/usr/lib --without-included-gettext --enable-threads=posix --libdir=/usr/lib --enable-nls --enable-bootstrap --enable-clocale=gnu --enable-libstdcxx-debug --enable-libstdcxx-time=yes --with-default-libstdcxx-abi=new --enable-gnu-unique-object --disable-vtable-verify --enable-libmpx --enable-plugin --enable-default-pie --with-system-zlib --with-target-system-zlib --enable-objc-gc=auto --enable-multiarch --disable-werror --with-arch-32=i686 --with-abi=m64 --with-multilib-list=m32,m64,mx32 --enable-multilib --with-tune=generic --enable-offload-targets=nvptx-none --without-cuda-driver --enable-checking=release --build=x86_64-linux-gnu --host=x86_64-linux-gnu --target=x86_64-linux-gnu]
  ignore line: [Thread model: posix]
  ignore line: [gcc version 8.3.0 (Ubuntu 8.3.0-6ubuntu1) ]
  ignore line: [COMPILER_PATH=/usr/lib/gcc/x86_64-linux-gnu/8/:/usr/lib/gcc/x86_64-linux-gnu/8/:/usr/lib/gcc/x86_64-linux-gnu/:/usr/lib/gcc/x86_64-linux-gnu/8/:/usr/lib/gcc/x86_64-linux-gnu/]
  ignore line: [LIBRARY_PATH=/usr/lib/gcc/x86_64-linux-gnu/8/:/usr/lib/gcc/x86_64-linux-gnu/8/../../../x86_64-linux-gnu/:/usr/lib/gcc/x86_64-linux-gnu/8/../../../../lib/:/lib/x86_64-linux-gnu/:/lib/../lib/:/usr/lib/x86_64-linux-gnu/:/usr/lib/../lib/:/usr/lib/gcc/x86_64-linux-gnu/8/../../../:/lib/:/usr/lib/]
  ignore line: [COLLECT_GCC_OPTIONS='-v' '-rdynamic' '-o' 'cmTC_54c16' '-shared-libgcc' '-mtune=generic' '-march=x86-64']
  link line: [ /usr/lib/gcc/x86_64-linux-gnu/8/collect2 -plugin /usr/lib/gcc/x86_64-linux-gnu/8/liblto_plugin.so -plugin-opt=/usr/lib/gcc/x86_64-linux-gnu/8/lto-wrapper -plugin-opt=-fresolution=/tmp/ccFM5KkV.res -plugin-opt=-pass-through=-lgcc_s -plugin-opt=-pass-through=-lgcc -plugin-opt=-pass-through=-lc -plugin-opt=-pass-through=-lgcc_s -plugin-opt=-pass-through=-lgcc --build-id --eh-frame-hdr -m elf_x86_64 --hash-style=gnu --as-needed -export-dynamic -dynamic-linker /lib64/ld-linux-x86-64.so.2 -pie -z now -z relro -o cmTC_54c16 /usr/lib/gcc/x86_64-linux-gnu/8/../../../x86_64-linux-gnu/Scrt1.o /usr/lib/gcc/x86_64-linux-gnu/8/../../../x86_64-linux-gnu/crti.o /usr/lib/gcc/x86_64-linux-gnu/8/crtbeginS.o -L/usr/lib/gcc/x86_64-linux-gnu/8 -L/usr/lib/gcc/x86_64-linux-gnu/8/../../../x86_64-linux-gnu -L/usr/lib/gcc/x86_64-linux-gnu/8/../../../../lib -L/lib/x86_64-linux-gnu -L/lib/../lib -L/usr/lib/x86_64-linux-gnu -L/usr/lib/../lib -L/usr/lib/gcc/x86_64-linux-gnu/8/../../.. CMakeFiles/cmTC_54c16.dir/CMakeCXXCompilerABI.cpp.o -lstdc++ -lm -lgcc_s -lgcc -lc -lgcc_s -lgcc /usr/lib/gcc/x86_64-linux-gnu/8/crtendS.o /usr/lib/gcc/x86_64-linux-gnu/8/../../../x86_64-linux-gnu/crtn.o]
    arg [/usr/lib/gcc/x86_64-linux-gnu/8/collect2] ==> ignore
    arg [-plugin] ==> ignore
    arg [/usr/lib/gcc/x86_64-linux-gnu/8/liblto_plugin.so] ==> ignore
    arg [-plugin-opt=/usr/lib/gcc/x86_64-linux-gnu/8/lto-wrapper] ==> ignore
    arg [-plugin-opt=-fresolution=/tmp/ccFM5KkV.res] ==> ignore
    arg [-plugin-opt=-pass-through=-lgcc_s] ==> ignore
    arg [-plugin-opt=-pass-through=-lgcc] ==> ignore
    arg [-plugin-opt=-pass-through=-lc] ==> ignore
    arg [-plugin-opt=-pass-through=-lgcc_s] ==> ignore
    arg [-plugin-opt=-pass-through=-lgcc] ==> ignore
    arg [--build-id] ==> ignore
    arg [--eh-frame-hdr] ==> ignore
    arg [-m] ==> ignore
    arg [elf_x86_64] ==> ignore
    arg [--hash-style=gnu] ==> ignore
    arg [--as-needed] ==> ignore
    arg [-export-dynamic] ==> ignore
    arg [-dynamic-linker] ==> ignore
    arg [/lib64/ld-linux-x86-64.so.2] ==> ignore
    arg [-pie] ==> ignore
    arg [-znow] ==> ignore
    arg [-zrelro] ==> ignore
    arg [-o] ==> ignore
    arg [cmTC_54c16] ==> ignore
    arg [/usr/lib/gcc/x86_64-linux-gnu/8/../../../x86_64-linux-gnu/Scrt1.o] ==> ignore
    arg [/usr/lib/gcc/x86_64-linux-gnu/8/../../../x86_64-linux-gnu/crti.o] ==> ignore
    arg [/usr/lib/gcc/x86_64-linux-gnu/8/crtbeginS.o] ==> ignore
    arg [-L/usr/lib/gcc/x86_64-linux-gnu/8] ==> dir [/usr/lib/gcc/x86_64-linux-gnu/8]
    arg [-L/usr/lib/gcc/x86_64-linux-gnu/8/../../../x86_64-linux-gnu] ==> dir [/usr/lib/gcc/x86_64-linux-gnu/8/../../../x86_64-linux-gnu]
    arg [-L/usr/lib/gcc/x86_64-linux-gnu/8/../../../../lib] ==> dir [/usr/lib/gcc/x86_64-linux-gnu/8/../../../../lib]
    arg [-L/lib/x86_64-linux-gnu] ==> dir [/lib/x86_64-linux-gnu]
    arg [-L/lib/../lib] ==> dir [/lib/../lib]
    arg [-L/usr/lib/x86_64-linux-gnu] ==> dir [/usr/lib/x86_64-linux-gnu]
    arg [-L/usr/lib/../lib] ==> dir [/usr/lib/../lib]
    arg [-L/usr/lib/gcc/x86_64-linux-gnu/8/../../..] ==> dir [/usr/lib/gcc/x86_64-linux-gnu/8/../../..]
    arg [CMakeFiles/cmTC_54c16.dir/CMakeCXXCompilerABI.cpp.o] ==> ignore
    arg [-lstdc++] ==> lib [stdc++]
    arg [-lm] ==> lib [m]
    arg [-lgcc_s] ==> lib [gcc_s]
    arg [-lgcc] ==> lib [gcc]
    arg [-lc] ==> lib [c]
    arg [-lgcc_s] ==> lib [gcc_s]
    arg [-lgcc] ==> lib [gcc]
    arg [/usr/lib/gcc/x86_64-linux-gnu/8/crtendS.o] ==> ignore
    arg [/usr/lib/gcc/x86_64-linux-gnu/8/../../../x86_64-linux-gnu/crtn.o] ==> ignore
  collapse library dir [/usr/lib/gcc/x86_64-linux-gnu/8] ==> [/usr/lib/gcc/x86_64-linux-gnu/8]
  collapse library dir [/usr/lib/gcc/x86_64-linux-gnu/8/../../../x86_64-linux-gnu] ==> [/usr/lib/x86_64-linux-gnu]
  collapse library dir [/usr/lib/gcc/x86_64-linux-gnu/8/../../../../lib] ==> [/usr/lib]
  collapse library dir [/lib/x86_64-linux-gnu] ==> [/lib/x86_64-linux-gnu]
  collapse library dir [/lib/../lib] ==> [/lib]
  collapse library dir [/usr/lib/x86_64-linux-gnu] ==> [/usr/lib/x86_64-linux-gnu]
  collapse library dir [/usr/lib/../lib] ==> [/usr/lib]
  collapse library dir [/usr/lib/gcc/x86_64-linux-gnu/8/../../..] ==> [/usr/lib]
  implicit libs: [stdc++;m;gcc_s;gcc;c;gcc_s;gcc]
  implicit dirs: [/usr/lib/gcc/x86_64-linux-gnu/8;/usr/lib/x86_64-linux-gnu;/usr/lib;/lib/x86_64-linux-gnu;/lib]
  implicit fwks: []




Detecting CXX [-std=c++2a] compiler features compiled with the following output:
Change Dir: /root/derogold-dev/rev-rebase-test/src/rocksdb/CMakeFiles/CMakeTmp

Run Build Command:"/usr/bin/make" "cmTC_88cb8/fast"
/usr/bin/make -f CMakeFiles/cmTC_88cb8.dir/build.make CMakeFiles/cmTC_88cb8.dir/build
make[1]: Entering directory '/root/derogold-dev/rev-rebase-test/src/rocksdb/CMakeFiles/CMakeTmp'
Building CXX object CMakeFiles/cmTC_88cb8.dir/feature_tests.cxx.o
/usr/bin/c++    -std=c++2a -o CMakeFiles/cmTC_88cb8.dir/feature_tests.cxx.o -c /root/derogold-dev/rev-rebase-test/src/rocksdb/CMakeFiles/feature_tests.cxx
Linking CXX executable cmTC_88cb8
/usr/local/lib/python2.7/dist-packages/cmake/data/bin/cmake -E cmake_link_script CMakeFiles/cmTC_88cb8.dir/link.txt --verbose=1
/usr/bin/c++       -rdynamic CMakeFiles/cmTC_88cb8.dir/feature_tests.cxx.o  -o cmTC_88cb8 
make[1]: Leaving directory '/root/derogold-dev/rev-rebase-test/src/rocksdb/CMakeFiles/CMakeTmp'


    Feature record: CXX_FEATURE:1cxx_aggregate_default_initializers
    Feature record: CXX_FEATURE:1cxx_alias_templates
    Feature record: CXX_FEATURE:1cxx_alignas
    Feature record: CXX_FEATURE:1cxx_alignof
    Feature record: CXX_FEATURE:1cxx_attributes
    Feature record: CXX_FEATURE:1cxx_attribute_deprecated
    Feature record: CXX_FEATURE:1cxx_auto_type
    Feature record: CXX_FEATURE:1cxx_binary_literals
    Feature record: CXX_FEATURE:1cxx_constexpr
    Feature record: CXX_FEATURE:1cxx_contextual_conversions
    Feature record: CXX_FEATURE:1cxx_decltype
    Feature record: CXX_FEATURE:1cxx_decltype_auto
    Feature record: CXX_FEATURE:1cxx_decltype_incomplete_return_types
    Feature record: CXX_FEATURE:1cxx_default_function_template_args
    Feature record: CXX_FEATURE:1cxx_defaulted_functions
    Feature record: CXX_FEATURE:1cxx_defaulted_move_initializers
    Feature record: CXX_FEATURE:1cxx_delegating_constructors
    Feature record: CXX_FEATURE:1cxx_deleted_functions
    Feature record: CXX_FEATURE:1cxx_digit_separators
    Feature record: CXX_FEATURE:1cxx_enum_forward_declarations
    Feature record: CXX_FEATURE:1cxx_explicit_conversions
    Feature record: CXX_FEATURE:1cxx_extended_friend_declarations
    Feature record: CXX_FEATURE:1cxx_extern_templates
    Feature record: CXX_FEATURE:1cxx_final
    Feature record: CXX_FEATURE:1cxx_func_identifier
    Feature record: CXX_FEATURE:1cxx_generalized_initializers
    Feature record: CXX_FEATURE:1cxx_generic_lambdas
    Feature record: CXX_FEATURE:1cxx_inheriting_constructors
    Feature record: CXX_FEATURE:1cxx_inline_namespaces
    Feature record: CXX_FEATURE:1cxx_lambdas
    Feature record: CXX_FEATURE:1cxx_lambda_init_captures
    Feature record: CXX_FEATURE:1cxx_local_type_template_args
    Feature record: CXX_FEATURE:1cxx_long_long_type
    Feature record: CXX_FEATURE:1cxx_noexcept
    Feature record: CXX_FEATURE:1cxx_nonstatic_member_init
    Feature record: CXX_FEATURE:1cxx_nullptr
    Feature record: CXX_FEATURE:1cxx_override
    Feature record: CXX_FEATURE:1cxx_range_for
    Feature record: CXX_FEATURE:1cxx_raw_string_literals
    Feature record: CXX_FEATURE:1cxx_reference_qualified_functions
    Feature record: CXX_FEATURE:1cxx_relaxed_constexpr
    Feature record: CXX_FEATURE:1cxx_return_type_deduction
    Feature record: CXX_FEATURE:1cxx_right_angle_brackets
    Feature record: CXX_FEATURE:1cxx_rvalue_references
    Feature record: CXX_FEATURE:1cxx_sizeof_member
    Feature record: CXX_FEATURE:1cxx_static_assert
    Feature record: CXX_FEATURE:1cxx_strong_enums
    Feature record: CXX_FEATURE:1cxx_template_template_parameters
    Feature record: CXX_FEATURE:1cxx_thread_local
    Feature record: CXX_FEATURE:1cxx_trailing_return_types
    Feature record: CXX_FEATURE:1cxx_unicode_literals
    Feature record: CXX_FEATURE:1cxx_uniform_initialization
    Feature record: CXX_FEATURE:1cxx_unrestricted_unions
    Feature record: CXX_FEATURE:1cxx_user_literals
    Feature record: CXX_FEATURE:1cxx_variable_templates
    Feature record: CXX_FEATURE:1cxx_variadic_macros
    Feature record: CXX_FEATURE:1cxx_variadic_templates


Detecting CXX [-std=c++17] compiler features compiled with the following output:
Change Dir: /root/derogold-dev/rev-rebase-test/src/rocksdb/CMakeFiles/CMakeTmp

Run Build Command:"/usr/bin/make" "cmTC_0b8a1/fast"
/usr/bin/make -f CMakeFiles/cmTC_0b8a1.dir/build.make CMakeFiles/cmTC_0b8a1.dir/build
make[1]: Entering directory '/root/derogold-dev/rev-rebase-test/src/rocksdb/CMakeFiles/CMakeTmp'
Building CXX object CMakeFiles/cmTC_0b8a1.dir/feature_tests.cxx.o
/usr/bin/c++    -std=c++17 -o CMakeFiles/cmTC_0b8a1.dir/feature_tests.cxx.o -c /root/derogold-dev/rev-rebase-test/src/rocksdb/CMakeFiles/feature_tests.cxx
Linking CXX executable cmTC_0b8a1
/usr/local/lib/python2.7/dist-packages/cmake/data/bin/cmake -E cmake_link_script CMakeFiles/cmTC_0b8a1.dir/link.txt --verbose=1
/usr/bin/c++       -rdynamic CMakeFiles/cmTC_0b8a1.dir/feature_tests.cxx.o  -o cmTC_0b8a1 
make[1]: Leaving directory '/root/derogold-dev/rev-rebase-test/src/rocksdb/CMakeFiles/CMakeTmp'


    Feature record: CXX_FEATURE:1cxx_aggregate_default_initializers
    Feature record: CXX_FEATURE:1cxx_alias_templates
    Feature record: CXX_FEATURE:1cxx_alignas
    Feature record: CXX_FEATURE:1cxx_alignof
    Feature record: CXX_FEATURE:1cxx_attributes
    Feature record: CXX_FEATURE:1cxx_attribute_deprecated
    Feature record: CXX_FEATURE:1cxx_auto_type
    Feature record: CXX_FEATURE:1cxx_binary_literals
    Feature record: CXX_FEATURE:1cxx_constexpr
    Feature record: CXX_FEATURE:1cxx_contextual_conversions
    Feature record: CXX_FEATURE:1cxx_decltype
    Feature record: CXX_FEATURE:1cxx_decltype_auto
    Feature record: CXX_FEATURE:1cxx_decltype_incomplete_return_types
    Feature record: CXX_FEATURE:1cxx_default_function_template_args
    Feature record: CXX_FEATURE:1cxx_defaulted_functions
    Feature record: CXX_FEATURE:1cxx_defaulted_move_initializers
    Feature record: CXX_FEATURE:1cxx_delegating_constructors
    Feature record: CXX_FEATURE:1cxx_deleted_functions
    Feature record: CXX_FEATURE:1cxx_digit_separators
    Feature record: CXX_FEATURE:1cxx_enum_forward_declarations
    Feature record: CXX_FEATURE:1cxx_explicit_conversions
    Feature record: CXX_FEATURE:1cxx_extended_friend_declarations
    Feature record: CXX_FEATURE:1cxx_extern_templates
    Feature record: CXX_FEATURE:1cxx_final
    Feature record: CXX_FEATURE:1cxx_func_identifier
    Feature record: CXX_FEATURE:1cxx_generalized_initializers
    Feature record: CXX_FEATURE:1cxx_generic_lambdas
    Feature record: CXX_FEATURE:1cxx_inheriting_constructors
    Feature record: CXX_FEATURE:1cxx_inline_namespaces
    Feature record: CXX_FEATURE:1cxx_lambdas
    Feature record: CXX_FEATURE:1cxx_lambda_init_captures
    Feature record: CXX_FEATURE:1cxx_local_type_template_args
    Feature record: CXX_FEATURE:1cxx_long_long_type
    Feature record: CXX_FEATURE:1cxx_noexcept
    Feature record: CXX_FEATURE:1cxx_nonstatic_member_init
    Feature record: CXX_FEATURE:1cxx_nullptr
    Feature record: CXX_FEATURE:1cxx_override
    Feature record: CXX_FEATURE:1cxx_range_for
    Feature record: CXX_FEATURE:1cxx_raw_string_literals
    Feature record: CXX_FEATURE:1cxx_reference_qualified_functions
    Feature record: CXX_FEATURE:1cxx_relaxed_constexpr
    Feature record: CXX_FEATURE:1cxx_return_type_deduction
    Feature record: CXX_FEATURE:1cxx_right_angle_brackets
    Feature record: CXX_FEATURE:1cxx_rvalue_references
    Feature record: CXX_FEATURE:1cxx_sizeof_member
    Feature record: CXX_FEATURE:1cxx_static_assert
    Feature record: CXX_FEATURE:1cxx_strong_enums
    Feature record: CXX_FEATURE:1cxx_template_template_parameters
    Feature record: CXX_FEATURE:1cxx_thread_local
    Feature record: CXX_FEATURE:1cxx_trailing_return_types
    Feature record: CXX_FEATURE:1cxx_unicode_literals
    Feature record: CXX_FEATURE:1cxx_uniform_initialization
    Feature record: CXX_FEATURE:1cxx_unrestricted_unions
    Feature record: CXX_FEATURE:1cxx_user_literals
    Feature record: CXX_FEATURE:1cxx_variable_templates
    Feature record: CXX_FEATURE:1cxx_variadic_macros
    Feature record: CXX_FEATURE:1cxx_variadic_templates


Detecting CXX [-std=c++14] compiler features compiled with the following output:
Change Dir: /root/derogold-dev/rev-rebase-test/src/rocksdb/CMakeFiles/CMakeTmp

Run Build Command:"/usr/bin/make" "cmTC_6bdfd/fast"
/usr/bin/make -f CMakeFiles/cmTC_6bdfd.dir/build.make CMakeFiles/cmTC_6bdfd.dir/build
make[1]: Entering directory '/root/derogold-dev/rev-rebase-test/src/rocksdb/CMakeFiles/CMakeTmp'
Building CXX object CMakeFiles/cmTC_6bdfd.dir/feature_tests.cxx.o
/usr/bin/c++    -std=c++14 -o CMakeFiles/cmTC_6bdfd.dir/feature_tests.cxx.o -c /root/derogold-dev/rev-rebase-test/src/rocksdb/CMakeFiles/feature_tests.cxx
Linking CXX executable cmTC_6bdfd
/usr/local/lib/python2.7/dist-packages/cmake/data/bin/cmake -E cmake_link_script CMakeFiles/cmTC_6bdfd.dir/link.txt --verbose=1
/usr/bin/c++       -rdynamic CMakeFiles/cmTC_6bdfd.dir/feature_tests.cxx.o  -o cmTC_6bdfd 
make[1]: Leaving directory '/root/derogold-dev/rev-rebase-test/src/rocksdb/CMakeFiles/CMakeTmp'


    Feature record: CXX_FEATURE:1cxx_aggregate_default_initializers
    Feature record: CXX_FEATURE:1cxx_alias_templates
    Feature record: CXX_FEATURE:1cxx_alignas
    Feature record: CXX_FEATURE:1cxx_alignof
    Feature record: CXX_FEATURE:1cxx_attributes
    Feature record: CXX_FEATURE:1cxx_attribute_deprecated
    Feature record: CXX_FEATURE:1cxx_auto_type
    Feature record: CXX_FEATURE:1cxx_binary_literals
    Feature record: CXX_FEATURE:1cxx_constexpr
    Feature record: CXX_FEATURE:1cxx_contextual_conversions
    Feature record: CXX_FEATURE:1cxx_decltype
    Feature record: CXX_FEATURE:1cxx_decltype_auto
    Feature record: CXX_FEATURE:1cxx_decltype_incomplete_return_types
    Feature record: CXX_FEATURE:1cxx_default_function_template_args
    Feature record: CXX_FEATURE:1cxx_defaulted_functions
    Feature record: CXX_FEATURE:1cxx_defaulted_move_initializers
    Feature record: CXX_FEATURE:1cxx_delegating_constructors
    Feature record: CXX_FEATURE:1cxx_deleted_functions
    Feature record: CXX_FEATURE:1cxx_digit_separators
    Feature record: CXX_FEATURE:1cxx_enum_forward_declarations
    Feature record: CXX_FEATURE:1cxx_explicit_conversions
    Feature record: CXX_FEATURE:1cxx_extended_friend_declarations
    Feature record: CXX_FEATURE:1cxx_extern_templates
    Feature record: CXX_FEATURE:1cxx_final
    Feature record: CXX_FEATURE:1cxx_func_identifier
    Feature record: CXX_FEATURE:1cxx_generalized_initializers
    Feature record: CXX_FEATURE:1cxx_generic_lambdas
    Feature record: CXX_FEATURE:1cxx_inheriting_constructors
    Feature record: CXX_FEATURE:1cxx_inline_namespaces
    Feature record: CXX_FEATURE:1cxx_lambdas
    Feature record: CXX_FEATURE:1cxx_lambda_init_captures
    Feature record: CXX_FEATURE:1cxx_local_type_template_args
    Feature record: CXX_FEATURE:1cxx_long_long_type
    Feature record: CXX_FEATURE:1cxx_noexcept
    Feature record: CXX_FEATURE:1cxx_nonstatic_member_init
    Feature record: CXX_FEATURE:1cxx_nullptr
    Feature record: CXX_FEATURE:1cxx_override
    Feature record: CXX_FEATURE:1cxx_range_for
    Feature record: CXX_FEATURE:1cxx_raw_string_literals
    Feature record: CXX_FEATURE:1cxx_reference_qualified_functions
    Feature record: CXX_FEATURE:1cxx_relaxed_constexpr
    Feature record: CXX_FEATURE:1cxx_return_type_deduction
    Feature record: CXX_FEATURE:1cxx_right_angle_brackets
    Feature record: CXX_FEATURE:1cxx_rvalue_references
    Feature record: CXX_FEATURE:1cxx_sizeof_member
    Feature record: CXX_FEATURE:1cxx_static_assert
    Feature record: CXX_FEATURE:1cxx_strong_enums
    Feature record: CXX_FEATURE:1cxx_template_template_parameters
    Feature record: CXX_FEATURE:1cxx_thread_local
    Feature record: CXX_FEATURE:1cxx_trailing_return_types
    Feature record: CXX_FEATURE:1cxx_unicode_literals
    Feature record: CXX_FEATURE:1cxx_uniform_initialization
    Feature record: CXX_FEATURE:1cxx_unrestricted_unions
    Feature record: CXX_FEATURE:1cxx_user_literals
    Feature record: CXX_FEATURE:1cxx_variable_templates
    Feature record: CXX_FEATURE:1cxx_variadic_macros
    Feature record: CXX_FEATURE:1cxx_variadic_templates


Detecting CXX [-std=c++11] compiler features compiled with the following output:
Change Dir: /root/derogold-dev/rev-rebase-test/src/rocksdb/CMakeFiles/CMakeTmp

Run Build Command:"/usr/bin/make" "cmTC_005af/fast"
/usr/bin/make -f CMakeFiles/cmTC_005af.dir/build.make CMakeFiles/cmTC_005af.dir/build
make[1]: Entering directory '/root/derogold-dev/rev-rebase-test/src/rocksdb/CMakeFiles/CMakeTmp'
Building CXX object CMakeFiles/cmTC_005af.dir/feature_tests.cxx.o
/usr/bin/c++    -std=c++11 -o CMakeFiles/cmTC_005af.dir/feature_tests.cxx.o -c /root/derogold-dev/rev-rebase-test/src/rocksdb/CMakeFiles/feature_tests.cxx
Linking CXX executable cmTC_005af
/usr/local/lib/python2.7/dist-packages/cmake/data/bin/cmake -E cmake_link_script CMakeFiles/cmTC_005af.dir/link.txt --verbose=1
/usr/bin/c++       -rdynamic CMakeFiles/cmTC_005af.dir/feature_tests.cxx.o  -o cmTC_005af 
make[1]: Leaving directory '/root/derogold-dev/rev-rebase-test/src/rocksdb/CMakeFiles/CMakeTmp'


    Feature record: CXX_FEATURE:0cxx_aggregate_default_initializers
    Feature record: CXX_FEATURE:1cxx_alias_templates
    Feature record: CXX_FEATURE:1cxx_alignas
    Feature record: CXX_FEATURE:1cxx_alignof
    Feature record: CXX_FEATURE:1cxx_attributes
    Feature record: CXX_FEATURE:0cxx_attribute_deprecated
    Feature record: CXX_FEATURE:1cxx_auto_type
    Feature record: CXX_FEATURE:0cxx_binary_literals
    Feature record: CXX_FEATURE:1cxx_constexpr
    Feature record: CXX_FEATURE:0cxx_contextual_conversions
    Feature record: CXX_FEATURE:1cxx_decltype
    Feature record: CXX_FEATURE:0cxx_decltype_auto
    Feature record: CXX_FEATURE:1cxx_decltype_incomplete_return_types
    Feature record: CXX_FEATURE:1cxx_default_function_template_args
    Feature record: CXX_FEATURE:1cxx_defaulted_functions
    Feature record: CXX_FEATURE:1cxx_defaulted_move_initializers
    Feature record: CXX_FEATURE:1cxx_delegating_constructors
    Feature record: CXX_FEATURE:1cxx_deleted_functions
    Feature record: CXX_FEATURE:0cxx_digit_separators
    Feature record: CXX_FEATURE:1cxx_enum_forward_declarations
    Feature record: CXX_FEATURE:1cxx_explicit_conversions
    Feature record: CXX_FEATURE:1cxx_extended_friend_declarations
    Feature record: CXX_FEATURE:1cxx_extern_templates
    Feature record: CXX_FEATURE:1cxx_final
    Feature record: CXX_FEATURE:1cxx_func_identifier
    Feature record: CXX_FEATURE:1cxx_generalized_initializers
    Feature record: CXX_FEATURE:0cxx_generic_lambdas
    Feature record: CXX_FEATURE:1cxx_inheriting_constructors
    Feature record: CXX_FEATURE:1cxx_inline_namespaces
    Feature record: CXX_FEATURE:1cxx_lambdas
    Feature record: CXX_FEATURE:0cxx_lambda_init_captures
    Feature record: CXX_FEATURE:1cxx_local_type_template_args
    Feature record: CXX_FEATURE:1cxx_long_long_type
    Feature record: CXX_FEATURE:1cxx_noexcept
    Feature record: CXX_FEATURE:1cxx_nonstatic_member_init
    Feature record: CXX_FEATURE:1cxx_nullptr
    Feature record: CXX_FEATURE:1cxx_override
    Feature record: CXX_FEATURE:1cxx_range_for
    Feature record: CXX_FEATURE:1cxx_raw_string_literals
    Feature record: CXX_FEATURE:1cxx_reference_qualified_functions
    Feature record: CXX_FEATURE:0cxx_relaxed_constexpr
    Feature record: CXX_FEATURE:0cxx_return_type_deduction
    Feature record: CXX_FEATURE:1cxx_right_angle_brackets
    Feature record: CXX_FEATURE:1cxx_rvalue_references
    Feature record: CXX_FEATURE:1cxx_sizeof_member
    Feature record: CXX_FEATURE:1cxx_static_assert
    Feature record: CXX_FEATURE:1cxx_strong_enums
    Feature record: CXX_FEATURE:1cxx_template_template_parameters
    Feature record: CXX_FEATURE:1cxx_thread_local
    Feature record: CXX_FEATURE:1cxx_trailing_return_types
    Feature record: CXX_FEATURE:1cxx_unicode_literals
    Feature record: CXX_FEATURE:1cxx_uniform_initialization
    Feature record: CXX_FEATURE:1cxx_unrestricted_unions
    Feature record: CXX_FEATURE:1cxx_user_literals
    Feature record: CXX_FEATURE:0cxx_variable_templates
    Feature record: CXX_FEATURE:1cxx_variadic_macros
    Feature record: CXX_FEATURE:1cxx_variadic_templates


Detecting CXX [-std=c++98] compiler features compiled with the following output:
Change Dir: /root/derogold-dev/rev-rebase-test/src/rocksdb/CMakeFiles/CMakeTmp

Run Build Command:"/usr/bin/make" "cmTC_df054/fast"
/usr/bin/make -f CMakeFiles/cmTC_df054.dir/build.make CMakeFiles/cmTC_df054.dir/build
make[1]: Entering directory '/root/derogold-dev/rev-rebase-test/src/rocksdb/CMakeFiles/CMakeTmp'
Building CXX object CMakeFiles/cmTC_df054.dir/feature_tests.cxx.o
/usr/bin/c++    -std=c++98 -o CMakeFiles/cmTC_df054.dir/feature_tests.cxx.o -c /root/derogold-dev/rev-rebase-test/src/rocksdb/CMakeFiles/feature_tests.cxx
Linking CXX executable cmTC_df054
/usr/local/lib/python2.7/dist-packages/cmake/data/bin/cmake -E cmake_link_script CMakeFiles/cmTC_df054.dir/link.txt --verbose=1
/usr/bin/c++       -rdynamic CMakeFiles/cmTC_df054.dir/feature_tests.cxx.o  -o cmTC_df054 
make[1]: Leaving directory '/root/derogold-dev/rev-rebase-test/src/rocksdb/CMakeFiles/CMakeTmp'


    Feature record: CXX_FEATURE:0cxx_aggregate_default_initializers
    Feature record: CXX_FEATURE:0cxx_alias_templates
    Feature record: CXX_FEATURE:0cxx_alignas
    Feature record: CXX_FEATURE:0cxx_alignof
    Feature record: CXX_FEATURE:0cxx_attributes
    Feature record: CXX_FEATURE:0cxx_attribute_deprecated
    Feature record: CXX_FEATURE:0cxx_auto_type
    Feature record: CXX_FEATURE:0cxx_binary_literals
    Feature record: CXX_FEATURE:0cxx_constexpr
    Feature record: CXX_FEATURE:0cxx_contextual_conversions
    Feature record: CXX_FEATURE:0cxx_decltype
    Feature record: CXX_FEATURE:0cxx_decltype_auto
    Feature record: CXX_FEATURE:0cxx_decltype_incomplete_return_types
    Feature record: CXX_FEATURE:0cxx_default_function_template_args
    Feature record: CXX_FEATURE:0cxx_defaulted_functions
    Feature record: CXX_FEATURE:0cxx_defaulted_move_initializers
    Feature record: CXX_FEATURE:0cxx_delegating_constructors
    Feature record: CXX_FEATURE:0cxx_deleted_functions
    Feature record: CXX_FEATURE:0cxx_digit_separators
    Feature record: CXX_FEATURE:0cxx_enum_forward_declarations
    Feature record: CXX_FEATURE:0cxx_explicit_conversions
    Feature record: CXX_FEATURE:0cxx_extended_friend_declarations
    Feature record: CXX_FEATURE:0cxx_extern_templates
    Feature record: CXX_FEATURE:0cxx_final
    Feature record: CXX_FEATURE:0cxx_func_identifier
    Feature record: CXX_FEATURE:0cxx_generalized_initializers
    Feature record: CXX_FEATURE:0cxx_generic_lambdas
    Feature record: CXX_FEATURE:0cxx_inheriting_constructors
    Feature record: CXX_FEATURE:0cxx_inline_namespaces
    Feature record: CXX_FEATURE:0cxx_lambdas
    Feature record: CXX_FEATURE:0cxx_lambda_init_captures
    Feature record: CXX_FEATURE:0cxx_local_type_template_args
    Feature record: CXX_FEATURE:0cxx_long_long_type
    Feature record: CXX_FEATURE:0cxx_noexcept
    Feature record: CXX_FEATURE:0cxx_nonstatic_member_init
    Feature record: CXX_FEATURE:0cxx_nullptr
    Feature record: CXX_FEATURE:0cxx_override
    Feature record: CXX_FEATURE:0cxx_range_for
    Feature record: CXX_FEATURE:0cxx_raw_string_literals
    Feature record: CXX_FEATURE:0cxx_reference_qualified_functions
    Feature record: CXX_FEATURE:0cxx_relaxed_constexpr
    Feature record: CXX_FEATURE:0cxx_return_type_deduction
    Feature record: CXX_FEATURE:0cxx_right_angle_brackets
    Feature record: CXX_FEATURE:0cxx_rvalue_references
    Feature record: CXX_FEATURE:0cxx_sizeof_member
    Feature record: CXX_FEATURE:0cxx_static_assert
    Feature record: CXX_FEATURE:0cxx_strong_enums
    Feature record: CXX_FEATURE:1cxx_template_template_parameters
    Feature record: CXX_FEATURE:0cxx_thread_local
    Feature record: CXX_FEATURE:0cxx_trailing_return_types
    Feature record: CXX_FEATURE:0cxx_unicode_literals
    Feature record: CXX_FEATURE:0cxx_uniform_initialization
    Feature record: CXX_FEATURE:0cxx_unrestricted_unions
    Feature record: CXX_FEATURE:0cxx_user_literals
    Feature record: CXX_FEATURE:0cxx_variable_templates
    Feature record: CXX_FEATURE:0cxx_variadic_macros
    Feature record: CXX_FEATURE:0cxx_variadic_templates
Checking whether the ASM compiler is GNU using "--version" matched "(GNU assembler)|(GCC)|(Free Software Foundation)":
cc (Ubuntu 8.3.0-6ubuntu1) 8.3.0
Copyright (C) 2018 Free Software Foundation, Inc.
This is free software; see the source for copying conditions.  There is NO
warranty; not even for MERCHANTABILITY or FITNESS FOR A PARTICULAR PURPOSE.

Performing C++ SOURCE FILE Test HAVE_OMIT_LEAF_FRAME_POINTER succeeded with the following output:
Change Dir: /root/derogold-dev/rev-rebase-test/src/rocksdb/CMakeFiles/CMakeTmp

Run Build Command:"/usr/bin/make" "cmTC_8bd1c/fast"
/usr/bin/make -f CMakeFiles/cmTC_8bd1c.dir/build.make CMakeFiles/cmTC_8bd1c.dir/build
make[1]: Entering directory '/root/derogold-dev/rev-rebase-test/src/rocksdb/CMakeFiles/CMakeTmp'
Building CXX object CMakeFiles/cmTC_8bd1c.dir/src.cxx.o
/usr/bin/c++    -std=c++11 -fno-omit-frame-pointer -DHAVE_OMIT_LEAF_FRAME_POINTER   -momit-leaf-frame-pointer -o CMakeFiles/cmTC_8bd1c.dir/src.cxx.o -c /root/derogold-dev/rev-rebase-test/src/rocksdb/CMakeFiles/CMakeTmp/src.cxx
Linking CXX executable cmTC_8bd1c
/usr/local/lib/python2.7/dist-packages/cmake/data/bin/cmake -E cmake_link_script CMakeFiles/cmTC_8bd1c.dir/link.txt --verbose=1
/usr/bin/c++   -std=c++11 -fno-omit-frame-pointer -DHAVE_OMIT_LEAF_FRAME_POINTER    -rdynamic CMakeFiles/cmTC_8bd1c.dir/src.cxx.o  -o cmTC_8bd1c 
make[1]: Leaving directory '/root/derogold-dev/rev-rebase-test/src/rocksdb/CMakeFiles/CMakeTmp'

Source file was:
int main() { return 0; }
Performing C++ SOURCE FILE Test HAVE_SSE42 succeeded with the following output:
Change Dir: /root/derogold-dev/rev-rebase-test/src/rocksdb/CMakeFiles/CMakeTmp

Run Build Command:"/usr/bin/make" "cmTC_58eec/fast"
/usr/bin/make -f CMakeFiles/cmTC_58eec.dir/build.make CMakeFiles/cmTC_58eec.dir/build
make[1]: Entering directory '/root/derogold-dev/rev-rebase-test/src/rocksdb/CMakeFiles/CMakeTmp'
Building CXX object CMakeFiles/cmTC_58eec.dir/src.cxx.o
/usr/bin/c++    -std=c++11 -fno-omit-frame-pointer -momit-leaf-frame-pointer -DHAVE_SSE42 -msse4.2 -mpclmul   -o CMakeFiles/cmTC_58eec.dir/src.cxx.o -c /root/derogold-dev/rev-rebase-test/src/rocksdb/CMakeFiles/CMakeTmp/src.cxx
Linking CXX executable cmTC_58eec
/usr/local/lib/python2.7/dist-packages/cmake/data/bin/cmake -E cmake_link_script CMakeFiles/cmTC_58eec.dir/link.txt --verbose=1
/usr/bin/c++   -std=c++11 -fno-omit-frame-pointer -momit-leaf-frame-pointer -DHAVE_SSE42 -msse4.2 -mpclmul    -rdynamic CMakeFiles/cmTC_58eec.dir/src.cxx.o  -o cmTC_58eec 
make[1]: Leaving directory '/root/derogold-dev/rev-rebase-test/src/rocksdb/CMakeFiles/CMakeTmp'

Source file was:

  #include <cstdint>
  #include <nmmintrin.h>
  #include <wmmintrin.h>
  int main() {
    volatile uint32_t x = _mm_crc32_u32(0, 0);
    const auto a = _mm_set_epi64x(0, 0);
    const auto b = _mm_set_epi64x(0, 0);
    const auto c = _mm_clmulepi64_si128(a, b, 0x00);
    auto d = _mm_cvtsi128_si64(c);
  }
  
Performing C++ SOURCE FILE Test HAVE_THREAD_LOCAL succeeded with the following output:
Change Dir: /root/derogold-dev/rev-rebase-test/src/rocksdb/CMakeFiles/CMakeTmp

Run Build Command:"/usr/bin/make" "cmTC_6d222/fast"
/usr/bin/make -f CMakeFiles/cmTC_6d222.dir/build.make CMakeFiles/cmTC_6d222.dir/build
make[1]: Entering directory '/root/derogold-dev/rev-rebase-test/src/rocksdb/CMakeFiles/CMakeTmp'
Building CXX object CMakeFiles/cmTC_6d222.dir/src.cxx.o
/usr/bin/c++    -std=c++11 -fno-omit-frame-pointer -momit-leaf-frame-pointer -DHAVE_THREAD_LOCAL   -o CMakeFiles/cmTC_6d222.dir/src.cxx.o -c /root/derogold-dev/rev-rebase-test/src/rocksdb/CMakeFiles/CMakeTmp/src.cxx
Linking CXX executable cmTC_6d222
/usr/local/lib/python2.7/dist-packages/cmake/data/bin/cmake -E cmake_link_script CMakeFiles/cmTC_6d222.dir/link.txt --verbose=1
/usr/bin/c++   -std=c++11 -fno-omit-frame-pointer -momit-leaf-frame-pointer -DHAVE_THREAD_LOCAL    -rdynamic CMakeFiles/cmTC_6d222.dir/src.cxx.o  -o cmTC_6d222 
make[1]: Leaving directory '/root/derogold-dev/rev-rebase-test/src/rocksdb/CMakeFiles/CMakeTmp'

Source file was:

  #if defined(_MSC_VER) && !defined(__thread)
  #define __thread __declspec(thread)
  #endif
  int main() {
    static __thread int tls;
  }
  
Performing C++ SOURCE FILE Test HAVE_SYNC_FILE_RANGE_WRITE succeeded with the following output:
Change Dir: /root/derogold-dev/rev-rebase-test/src/rocksdb/CMakeFiles/CMakeTmp

Run Build Command:"/usr/bin/make" "cmTC_eb272/fast"
/usr/bin/make -f CMakeFiles/cmTC_eb272.dir/build.make CMakeFiles/cmTC_eb272.dir/build
make[1]: Entering directory '/root/derogold-dev/rev-rebase-test/src/rocksdb/CMakeFiles/CMakeTmp'
Building CXX object CMakeFiles/cmTC_eb272.dir/src.cxx.o
/usr/bin/c++    -std=c++11 -fno-omit-frame-pointer -momit-leaf-frame-pointer -fno-builtin-memcmp -DHAVE_SYNC_FILE_RANGE_WRITE   -o CMakeFiles/cmTC_eb272.dir/src.cxx.o -c /root/derogold-dev/rev-rebase-test/src/rocksdb/CMakeFiles/CMakeTmp/src.cxx
Linking CXX executable cmTC_eb272
/usr/local/lib/python2.7/dist-packages/cmake/data/bin/cmake -E cmake_link_script CMakeFiles/cmTC_eb272.dir/link.txt --verbose=1
/usr/bin/c++   -std=c++11 -fno-omit-frame-pointer -momit-leaf-frame-pointer -fno-builtin-memcmp -DHAVE_SYNC_FILE_RANGE_WRITE    -rdynamic CMakeFiles/cmTC_eb272.dir/src.cxx.o  -o cmTC_eb272 
make[1]: Leaving directory '/root/derogold-dev/rev-rebase-test/src/rocksdb/CMakeFiles/CMakeTmp'

Source file was:

  #include <fcntl.h>
  int main() {
    int fd = open("/dev/null", 0);
    sync_file_range(fd, 0, 1024, SYNC_FILE_RANGE_WRITE);
  }
  
Performing C++ SOURCE FILE Test HAVE_PTHREAD_MUTEX_ADAPTIVE_NP succeeded with the following output:
Change Dir: /root/derogold-dev/rev-rebase-test/src/rocksdb/CMakeFiles/CMakeTmp

Run Build Command:"/usr/bin/make" "cmTC_6feec/fast"
/usr/bin/make -f CMakeFiles/cmTC_6feec.dir/build.make CMakeFiles/cmTC_6feec.dir/build
make[1]: Entering directory '/root/derogold-dev/rev-rebase-test/src/rocksdb/CMakeFiles/CMakeTmp'
Building CXX object CMakeFiles/cmTC_6feec.dir/src.cxx.o
/usr/bin/c++    -std=c++11 -fno-omit-frame-pointer -momit-leaf-frame-pointer -fno-builtin-memcmp -DHAVE_PTHREAD_MUTEX_ADAPTIVE_NP   -o CMakeFiles/cmTC_6feec.dir/src.cxx.o -c /root/derogold-dev/rev-rebase-test/src/rocksdb/CMakeFiles/CMakeTmp/src.cxx
Linking CXX executable cmTC_6feec
/usr/local/lib/python2.7/dist-packages/cmake/data/bin/cmake -E cmake_link_script CMakeFiles/cmTC_6feec.dir/link.txt --verbose=1
/usr/bin/c++   -std=c++11 -fno-omit-frame-pointer -momit-leaf-frame-pointer -fno-builtin-memcmp -DHAVE_PTHREAD_MUTEX_ADAPTIVE_NP    -rdynamic CMakeFiles/cmTC_6feec.dir/src.cxx.o  -o cmTC_6feec 
make[1]: Leaving directory '/root/derogold-dev/rev-rebase-test/src/rocksdb/CMakeFiles/CMakeTmp'

Source file was:

  #include <pthread.h>
  int main() {
    (void) PTHREAD_MUTEX_ADAPTIVE_NP;
  }
  
Determining if the malloc_usable_size exist passed with the following output:
Change Dir: /root/derogold-dev/rev-rebase-test/src/rocksdb/CMakeFiles/CMakeTmp

Run Build Command:"/usr/bin/make" "cmTC_91266/fast"
/usr/bin/make -f CMakeFiles/cmTC_91266.dir/build.make CMakeFiles/cmTC_91266.dir/build
make[1]: Entering directory '/root/derogold-dev/rev-rebase-test/src/rocksdb/CMakeFiles/CMakeTmp'
Building CXX object CMakeFiles/cmTC_91266.dir/CheckSymbolExists.cxx.o
/usr/bin/c++    -std=c++11 -fno-omit-frame-pointer -momit-leaf-frame-pointer -fno-builtin-memcmp    -o CMakeFiles/cmTC_91266.dir/CheckSymbolExists.cxx.o -c /root/derogold-dev/rev-rebase-test/src/rocksdb/CMakeFiles/CMakeTmp/CheckSymbolExists.cxx
Linking CXX executable cmTC_91266
/usr/local/lib/python2.7/dist-packages/cmake/data/bin/cmake -E cmake_link_script CMakeFiles/cmTC_91266.dir/link.txt --verbose=1
/usr/bin/c++   -std=c++11 -fno-omit-frame-pointer -momit-leaf-frame-pointer -fno-builtin-memcmp     -rdynamic CMakeFiles/cmTC_91266.dir/CheckSymbolExists.cxx.o  -o cmTC_91266 
make[1]: Leaving directory '/root/derogold-dev/rev-rebase-test/src/rocksdb/CMakeFiles/CMakeTmp'

File /root/derogold-dev/rev-rebase-test/src/rocksdb/CMakeFiles/CMakeTmp/CheckSymbolExists.cxx:
/* */
#include <malloc.h>

int main(int argc, char** argv)
{
  (void)argv;
#ifndef malloc_usable_size
  return ((int*)(&malloc_usable_size))[argc];
#else
  (void)argc;
  return 0;
#endif
}

Determining if the sched_getcpu exist passed with the following output:
Change Dir: /root/derogold-dev/rev-rebase-test/src/rocksdb/CMakeFiles/CMakeTmp

Run Build Command:"/usr/bin/make" "cmTC_ba2c3/fast"
/usr/bin/make -f CMakeFiles/cmTC_ba2c3.dir/build.make CMakeFiles/cmTC_ba2c3.dir/build
make[1]: Entering directory '/root/derogold-dev/rev-rebase-test/src/rocksdb/CMakeFiles/CMakeTmp'
Building CXX object CMakeFiles/cmTC_ba2c3.dir/CheckSymbolExists.cxx.o
/usr/bin/c++    -std=c++11 -fno-omit-frame-pointer -momit-leaf-frame-pointer -fno-builtin-memcmp    -o CMakeFiles/cmTC_ba2c3.dir/CheckSymbolExists.cxx.o -c /root/derogold-dev/rev-rebase-test/src/rocksdb/CMakeFiles/CMakeTmp/CheckSymbolExists.cxx
Linking CXX executable cmTC_ba2c3
/usr/local/lib/python2.7/dist-packages/cmake/data/bin/cmake -E cmake_link_script CMakeFiles/cmTC_ba2c3.dir/link.txt --verbose=1
/usr/bin/c++   -std=c++11 -fno-omit-frame-pointer -momit-leaf-frame-pointer -fno-builtin-memcmp     -rdynamic CMakeFiles/cmTC_ba2c3.dir/CheckSymbolExists.cxx.o  -o cmTC_ba2c3 
make[1]: Leaving directory '/root/derogold-dev/rev-rebase-test/src/rocksdb/CMakeFiles/CMakeTmp'

File /root/derogold-dev/rev-rebase-test/src/rocksdb/CMakeFiles/CMakeTmp/CheckSymbolExists.cxx:
/* */
#include <sched.h>

int main(int argc, char** argv)
{
  (void)argv;
#ifndef sched_getcpu
  return ((int*)(&sched_getcpu))[argc];
#else
  (void)argc;
  return 0;
#endif
}

Determining if the include file pthread.h exists passed with the following output:
Change Dir: /root/derogold-dev/rev-rebase-test/src/rocksdb/CMakeFiles/CMakeTmp

Run Build Command:"/usr/bin/make" "cmTC_abe68/fast"
/usr/bin/make -f CMakeFiles/cmTC_abe68.dir/build.make CMakeFiles/cmTC_abe68.dir/build
make[1]: Entering directory '/root/derogold-dev/rev-rebase-test/src/rocksdb/CMakeFiles/CMakeTmp'
Building C object CMakeFiles/cmTC_abe68.dir/CheckIncludeFile.c.o
/usr/bin/cc    -o CMakeFiles/cmTC_abe68.dir/CheckIncludeFile.c.o   -c /root/derogold-dev/rev-rebase-test/src/rocksdb/CMakeFiles/CMakeTmp/CheckIncludeFile.c
Linking C executable cmTC_abe68
/usr/local/lib/python2.7/dist-packages/cmake/data/bin/cmake -E cmake_link_script CMakeFiles/cmTC_abe68.dir/link.txt --verbose=1
/usr/bin/cc      -rdynamic CMakeFiles/cmTC_abe68.dir/CheckIncludeFile.c.o  -o cmTC_abe68 
make[1]: Leaving directory '/root/derogold-dev/rev-rebase-test/src/rocksdb/CMakeFiles/CMakeTmp'


Determining if the function pthread_create exists in the pthread passed with the following output:
Change Dir: /root/derogold-dev/rev-rebase-test/src/rocksdb/CMakeFiles/CMakeTmp

Run Build Command:"/usr/bin/make" "cmTC_b46b2/fast"
/usr/bin/make -f CMakeFiles/cmTC_b46b2.dir/build.make CMakeFiles/cmTC_b46b2.dir/build
make[1]: Entering directory '/root/derogold-dev/rev-rebase-test/src/rocksdb/CMakeFiles/CMakeTmp'
Building C object CMakeFiles/cmTC_b46b2.dir/CheckFunctionExists.c.o
/usr/bin/cc   -DCHECK_FUNCTION_EXISTS=pthread_create   -o CMakeFiles/cmTC_b46b2.dir/CheckFunctionExists.c.o   -c /usr/local/lib/python2.7/dist-packages/cmake/data/share/cmake-3.13/Modules/CheckFunctionExists.c
Linking C executable cmTC_b46b2
/usr/local/lib/python2.7/dist-packages/cmake/data/bin/cmake -E cmake_link_script CMakeFiles/cmTC_b46b2.dir/link.txt --verbose=1
/usr/bin/cc  -DCHECK_FUNCTION_EXISTS=pthread_create    -rdynamic CMakeFiles/cmTC_b46b2.dir/CheckFunctionExists.c.o  -o cmTC_b46b2 -lpthread 
make[1]: Leaving directory '/root/derogold-dev/rev-rebase-test/src/rocksdb/CMakeFiles/CMakeTmp'


