Determining if the pthread_create exist failed with the following output:
Change Dir: /root/derogold-dev/rev-rebase-test/src/rocksdb/CMakeFiles/CMakeTmp

Run Build Command:"/usr/bin/make" "cmTC_a1190/fast"
/usr/bin/make -f CMakeFiles/cmTC_a1190.dir/build.make CMakeFiles/cmTC_a1190.dir/build
make[1]: Entering directory '/root/derogold-dev/rev-rebase-test/src/rocksdb/CMakeFiles/CMakeTmp'
Building C object CMakeFiles/cmTC_a1190.dir/CheckSymbolExists.c.o
/usr/bin/cc    -o CMakeFiles/cmTC_a1190.dir/CheckSymbolExists.c.o   -c /root/derogold-dev/rev-rebase-test/src/rocksdb/CMakeFiles/CMakeTmp/CheckSymbolExists.c
Linking C executable cmTC_a1190
/usr/local/lib/python2.7/dist-packages/cmake/data/bin/cmake -E cmake_link_script CMakeFiles/cmTC_a1190.dir/link.txt --verbose=1
/usr/bin/cc      -rdynamic CMakeFiles/cmTC_a1190.dir/CheckSymbolExists.c.o  -o cmTC_a1190 
/usr/bin/ld: CMakeFiles/cmTC_a1190.dir/CheckSymbolExists.c.o: in function `main':
CheckSymbolExists.c:(.text+0x1b): undefined reference to `pthread_create'
collect2: error: ld returned 1 exit status
make[1]: *** [CMakeFiles/cmTC_a1190.dir/build.make:87: cmTC_a1190] Error 1
make[1]: Leaving directory '/root/derogold-dev/rev-rebase-test/src/rocksdb/CMakeFiles/CMakeTmp'
make: *** [Makefile:121: cmTC_a1190/fast] Error 2

File /root/derogold-dev/rev-rebase-test/src/rocksdb/CMakeFiles/CMakeTmp/CheckSymbolExists.c:
/* */
#include <pthread.h>

int main(int argc, char** argv)
{
  (void)argv;
#ifndef pthread_create
  return ((int*)(&pthread_create))[argc];
#else
  (void)argc;
  return 0;
#endif
}

Determining if the function pthread_create exists in the pthreads failed with the following output:
Change Dir: /root/derogold-dev/rev-rebase-test/src/rocksdb/CMakeFiles/CMakeTmp

Run Build Command:"/usr/bin/make" "cmTC_ab36e/fast"
/usr/bin/make -f CMakeFiles/cmTC_ab36e.dir/build.make CMakeFiles/cmTC_ab36e.dir/build
make[1]: Entering directory '/root/derogold-dev/rev-rebase-test/src/rocksdb/CMakeFiles/CMakeTmp'
Building C object CMakeFiles/cmTC_ab36e.dir/CheckFunctionExists.c.o
/usr/bin/cc   -DCHECK_FUNCTION_EXISTS=pthread_create   -o CMakeFiles/cmTC_ab36e.dir/CheckFunctionExists.c.o   -c /usr/local/lib/python2.7/dist-packages/cmake/data/share/cmake-3.13/Modules/CheckFunctionExists.c
Linking C executable cmTC_ab36e
/usr/local/lib/python2.7/dist-packages/cmake/data/bin/cmake -E cmake_link_script CMakeFiles/cmTC_ab36e.dir/link.txt --verbose=1
/usr/bin/cc  -DCHECK_FUNCTION_EXISTS=pthread_create    -rdynamic CMakeFiles/cmTC_ab36e.dir/CheckFunctionExists.c.o  -o cmTC_ab36e -lpthreads 
/usr/bin/ld: cannot find -lpthreads
collect2: error: ld returned 1 exit status
make[1]: *** [CMakeFiles/cmTC_ab36e.dir/build.make:87: cmTC_ab36e] Error 1
make[1]: Leaving directory '/root/derogold-dev/rev-rebase-test/src/rocksdb/CMakeFiles/CMakeTmp'
make: *** [Makefile:121: cmTC_ab36e/fast] Error 2


